[I 2025-08-23 21:34:43,686] Trial 99 finished with value: 0.05298642859187702 and parameters: {'d_hidden': 256, 'num_layer': 6}. Best is trial 26 with value: 0.04458338597355082.
cuda
Optimal constant C to add: 0.03600294164820229
New best model found with RL1: 0.06102485343448061
Optimal constant C to add: -0.22534147433554166
Optimal constant C to add: -0.3460439597927907
New best model found with RL1: 0.05779047944334494
Optimal constant C to add: 0.24757356034806585
Optimal constant C to add: -0.3084369762727
Optimal constant C to add: 0.8705205043106398
Optimal constant C to add: -0.7492660694212595
New best model found with RL1: 0.052858179493238136
Optimal constant C to add: -0.2833366712198534
Optimal constant C to add: 0.39838900162866925
Optimal constant C to add: 0.39348108842066143
Optimal constant C to add: -0.9351050875157991
New best model found with RL1: 0.05009481359536643
Optimal constant C to add: -1.8416619962305705
Optimal constant C to add: -0.325072908266721
Optimal constant C to add: -0.545473188934935
Optimal constant C to add: -0.8169903653652348
New best model found with RL1: 0.048489173386571584
Optimal constant C to add: -0.050072311573190344
Optimal constant C to add: -1.523590076002566
New best model found with RL1: 0.046725878741097474
Optimal constant C to add: -1.1028272626371065
Optimal constant C to add: -0.25307685225763704
Optimal constant C to add: 0.11912877728632307
Optimal constant C to add: -1.6474865928740183
Optimal constant C to add: -1.942514306983439
Optimal constant C to add: -1.952366474542109
Optimal constant C to add: -0.0736324415338167
Optimal constant C to add: -0.8520360438675562
Optimal constant C to add: -0.3106410436444857
Optimal constant C to add: -0.7394633194775262
New best model found with RL1: 0.04458338597355082
Optimal constant C to add: -0.6202934126720705
Optimal constant C to add: -0.6002365934596339
Optimal constant C to add: -1.1426212423414865
Optimal constant C to add: 0.13259103414109563
Optimal constant C to add: -0.10785206290864731
Optimal constant C to add: -0.42897926419758586
Optimal constant C to add: -1.0849156531662623
Optimal constant C to add: -0.39205100039289675
Optimal constant C to add: -1.2074339116067567
Optimal constant C to add: -0.5137002840642759
Optimal constant C to add: -0.6517712149442115
Optimal constant C to add: 0.6190438127546629
Optimal constant C to add: -1.26184120558211
Optimal constant C to add: -0.35867396547654057
Optimal constant C to add: -2.5495168037027995
Optimal constant C to add: -0.790581122747151
Optimal constant C to add: -0.4517244580012688
Optimal constant C to add: 1.6521389152436576
Optimal constant C to add: -0.50488939454676
Optimal constant C to add: 0.5575055397897085
Optimal constant C to add: -0.5924087679863849
Optimal constant C to add: -0.03448588024088527
Optimal constant C to add: -2.016564358481852
Optimal constant C to add: -0.1837874462769308
Optimal constant C to add: -0.05417538276584232
Optimal constant C to add: -0.33986466335290455
Optimal constant C to add: -0.459795953177748
Optimal constant C to add: -0.729744859555451
Optimal constant C to add: -0.676692790821282
Optimal constant C to add: -1.5783678829283396
Optimal constant C to add: -0.39981831802548257
Optimal constant C to add: -0.7988999960930029
Optimal constant C to add: -0.4205820582644024
Optimal constant C to add: 0.18957960042050695
Optimal constant C to add: -0.03391078113996769
Optimal constant C to add: -0.3469998351392278
Optimal constant C to add: -0.61366463756421
Optimal constant C to add: -0.7303774911374726
Optimal constant C to add: -0.24759017160916114
Optimal constant C to add: -0.5408662837942073
Optimal constant C to add: 0.2304286086737237
Optimal constant C to add: 0.10223085174402809
Optimal constant C to add: -0.20816428303764548
Optimal constant C to add: -0.8166698762864747
Optimal constant C to add: -1.7676867698282877
Optimal constant C to add: -0.22347001846478665
Optimal constant C to add: -0.12830415069059814
Optimal constant C to add: -0.6913122173012176
Optimal constant C to add: -0.03404829454710121
Optimal constant C to add: -0.2718112949916103
Optimal constant C to add: -0.9532816623003164
Optimal constant C to add: -0.6613596986458579
Optimal constant C to add: 0.5016517923264823
Optimal constant C to add: -0.4297660186123976
Optimal constant C to add: -0.6230486933425942
Optimal constant C to add: -0.5336035671711841
Optimal constant C to add: -2.2863579191059746
Optimal constant C to add: -0.3013035430920251
Optimal constant C to add: -0.0013463377890118443
Optimal constant C to add: -1.3425988236756006
Optimal constant C to add: -0.4322089085922518
Optimal constant C to add: -0.3181045955375709
Optimal constant C to add: -0.4970570480094233
Optimal constant C to add: -0.3228996560984232
Optimal constant C to add: 0.18739308074406003
Optimal constant C to add: -0.8706117003531137
Optimal constant C to add: -0.5852163944930712
Optimal constant C to add: -0.6738754384905973
Optimal constant C to add: -0.1879094308749714
Optimal constant C to add: -0.7818742018283287
Optimal constant C to add: -1.1269419288487115
Optimal constant C to add: -0.6685071950376907
Optimal constant C to add: 0.21883457541457033
Best trial:
  Value: 0.04458338597355082
  Params:
    d_hidden: 256
    num_layer: 6
