nohup: ignoring input
[I 2025-08-07 16:38:37,918] A new study created in memory with name: no-name-41d2ffb5-73a4-4130-9b46-609176074125
[I 2025-08-07 17:10:41,059] Trial 0 finished with value: 0.018537584006010775 and parameters: {'d_hidden': 256, 'd_model': 16, 'mapping_size': 96}. Best is trial 0 with value: 0.018537584006010775.
[I 2025-08-07 17:57:24,537] Trial 1 finished with value: 0.012426185895042406 and parameters: {'d_hidden': 768, 'd_model': 32, 'mapping_size': 32}. Best is trial 1 with value: 0.012426185895042406.
[I 2025-08-07 18:42:32,929] Trial 2 finished with value: 0.02209243735462516 and parameters: {'d_hidden': 768, 'd_model': 16, 'mapping_size': 80}. Best is trial 1 with value: 0.012426185895042406.
[I 2025-08-07 19:09:20,190] Trial 3 finished with value: 0.0265902115130689 and parameters: {'d_hidden': 128, 'd_model': 16, 'mapping_size': 112}. Best is trial 1 with value: 0.012426185895042406.
[I 2025-08-07 19:51:45,639] Trial 4 finished with value: 0.005494840121766741 and parameters: {'d_hidden': 512, 'd_model': 64, 'mapping_size': 48}. Best is trial 4 with value: 0.005494840121766741.
[I 2025-08-07 20:46:19,645] Trial 5 finished with value: 0.003493473469839523 and parameters: {'d_hidden': 768, 'd_model': 128, 'mapping_size': 64}. Best is trial 5 with value: 0.003493473469839523.
[I 2025-08-07 21:18:10,031] Trial 6 finished with value: 0.007870892236872089 and parameters: {'d_hidden': 256, 'd_model': 32, 'mapping_size': 80}. Best is trial 5 with value: 0.003493473469839523.
[I 2025-08-07 21:53:31,239] Trial 7 finished with value: 0.012216194705312416 and parameters: {'d_hidden': 256, 'd_model': 32, 'mapping_size': 48}. Best is trial 5 with value: 0.003493473469839523.
[I 2025-08-07 22:51:00,721] Trial 8 finished with value: 0.011060660519846291 and parameters: {'d_hidden': 768, 'd_model': 16, 'mapping_size': 64}. Best is trial 5 with value: 0.003493473469839523.
[I 2025-08-07 23:21:17,391] Trial 9 finished with value: 0.01905942435744617 and parameters: {'d_hidden': 128, 'd_model': 16, 'mapping_size': 128}. Best is trial 5 with value: 0.003493473469839523.
[I 2025-08-08 00:10:06,859] Trial 10 finished with value: 0.010060530974215507 and parameters: {'d_hidden': 512, 'd_model': 128, 'mapping_size': 16}. Best is trial 5 with value: 0.003493473469839523.
[I 2025-08-08 00:52:26,421] Trial 11 finished with value: 0.005494840121766741 and parameters: {'d_hidden': 512, 'd_model': 64, 'mapping_size': 48}. Best is trial 5 with value: 0.003493473469839523.
[I 2025-08-08 01:34:45,822] Trial 12 finished with value: 0.005494840121766741 and parameters: {'d_hidden': 512, 'd_model': 64, 'mapping_size': 48}. Best is trial 5 with value: 0.003493473469839523.
[I 2025-08-08 02:23:29,718] Trial 13 finished with value: 0.010060530974215507 and parameters: {'d_hidden': 512, 'd_model': 128, 'mapping_size': 16}. Best is trial 5 with value: 0.003493473469839523.
[I 2025-08-08 03:11:38,620] Trial 14 finished with value: 0.005025204665830749 and parameters: {'d_hidden': 768, 'd_model': 64, 'mapping_size': 64}. Best is trial 5 with value: 0.003493473469839523.
[I 2025-08-08 04:06:15,808] Trial 15 finished with value: 0.003493473469839523 and parameters: {'d_hidden': 768, 'd_model': 128, 'mapping_size': 64}. Best is trial 5 with value: 0.003493473469839523.
[I 2025-08-08 04:49:55,994] Trial 16 finished with value: 0.006997767643795326 and parameters: {'d_hidden': 768, 'd_model': 128, 'mapping_size': 80}. Best is trial 5 with value: 0.003493473469839523.
[I 2025-08-08 05:49:39,353] Trial 17 finished with value: 0.003761777295049336 and parameters: {'d_hidden': 768, 'd_model': 128, 'mapping_size': 96}. Best is trial 5 with value: 0.003493473469839523.
[I 2025-08-08 06:49:15,655] Trial 18 finished with value: 0.003761777295049336 and parameters: {'d_hidden': 768, 'd_model': 128, 'mapping_size': 96}. Best is trial 5 with value: 0.003493473469839523.
[I 2025-08-08 07:45:25,210] Trial 19 finished with value: 0.009230985087440895 and parameters: {'d_hidden': 768, 'd_model': 128, 'mapping_size': 32}. Best is trial 5 with value: 0.003493473469839523.
[I 2025-08-08 08:22:51,720] Trial 20 finished with value: 0.0028856046450709025 and parameters: {'d_hidden': 128, 'd_model': 128, 'mapping_size': 64}. Best is trial 20 with value: 0.0028856046450709025.
[I 2025-08-08 09:00:14,266] Trial 21 finished with value: 0.0028856046450709025 and parameters: {'d_hidden': 128, 'd_model': 128, 'mapping_size': 64}. Best is trial 20 with value: 0.0028856046450709025.
[I 2025-08-08 09:37:41,144] Trial 22 finished with value: 0.0028856046450709025 and parameters: {'d_hidden': 128, 'd_model': 128, 'mapping_size': 64}. Best is trial 20 with value: 0.0028856046450709025.
[I 2025-08-08 10:16:33,925] Trial 23 finished with value: 0.0032098472265477867 and parameters: {'d_hidden': 128, 'd_model': 128, 'mapping_size': 32}. Best is trial 20 with value: 0.0028856046450709025.
[I 2025-08-08 10:51:51,211] Trial 24 finished with value: 0.004653593897119972 and parameters: {'d_hidden': 128, 'd_model': 128, 'mapping_size': 80}. Best is trial 20 with value: 0.0028856046450709025.
[I 2025-08-08 11:29:11,780] Trial 25 finished with value: 0.0028856046450709025 and parameters: {'d_hidden': 128, 'd_model': 128, 'mapping_size': 64}. Best is trial 20 with value: 0.0028856046450709025.
[I 2025-08-08 12:07:45,619] Trial 26 finished with value: 0.006817632846097797 and parameters: {'d_hidden': 128, 'd_model': 128, 'mapping_size': 48}. Best is trial 20 with value: 0.0028856046450709025.
[I 2025-08-08 12:46:36,640] Trial 27 finished with value: 0.00621542428946701 and parameters: {'d_hidden': 128, 'd_model': 128, 'mapping_size': 96}. Best is trial 20 with value: 0.0028856046450709025.
[I 2025-08-08 13:22:01,914] Trial 28 finished with value: 0.004653593897119972 and parameters: {'d_hidden': 128, 'd_model': 128, 'mapping_size': 80}. Best is trial 20 with value: 0.0028856046450709025.
[I 2025-08-08 13:53:16,346] Trial 29 finished with value: 0.007734099411100725 and parameters: {'d_hidden': 128, 'd_model': 32, 'mapping_size': 96}. Best is trial 20 with value: 0.0028856046450709025.
[I 2025-08-08 14:30:33,122] Trial 30 finished with value: 0.00441062781842001 and parameters: {'d_hidden': 128, 'd_model': 128, 'mapping_size': 112}. Best is trial 20 with value: 0.0028856046450709025.
[I 2025-08-08 15:08:02,088] Trial 31 finished with value: 0.0028856046450709025 and parameters: {'d_hidden': 128, 'd_model': 128, 'mapping_size': 64}. Best is trial 20 with value: 0.0028856046450709025.
[I 2025-08-08 15:45:29,473] Trial 32 finished with value: 0.0028856046450709025 and parameters: {'d_hidden': 128, 'd_model': 128, 'mapping_size': 64}. Best is trial 20 with value: 0.0028856046450709025.
[I 2025-08-08 16:24:00,108] Trial 33 finished with value: 0.006817632846097797 and parameters: {'d_hidden': 128, 'd_model': 128, 'mapping_size': 48}. Best is trial 20 with value: 0.0028856046450709025.
[I 2025-08-08 16:59:15,084] Trial 34 finished with value: 0.004653593897119972 and parameters: {'d_hidden': 128, 'd_model': 128, 'mapping_size': 80}. Best is trial 20 with value: 0.0028856046450709025.
[I 2025-08-08 17:28:36,097] Trial 35 finished with value: 0.015226069692977549 and parameters: {'d_hidden': 256, 'd_model': 16, 'mapping_size': 64}. Best is trial 20 with value: 0.0028856046450709025.
[I 2025-08-08 17:59:13,553] Trial 36 finished with value: 0.014062224906123468 and parameters: {'d_hidden': 128, 'd_model': 32, 'mapping_size': 32}. Best is trial 20 with value: 0.0028856046450709025.
[I 2025-08-08 18:36:35,405] Trial 37 finished with value: 0.0028856046450709025 and parameters: {'d_hidden': 128, 'd_model': 128, 'mapping_size': 64}. Best is trial 20 with value: 0.0028856046450709025.
[I 2025-08-08 19:06:35,645] Trial 38 finished with value: 0.0034146697821730927 and parameters: {'d_hidden': 128, 'd_model': 64, 'mapping_size': 48}. Best is trial 20 with value: 0.0028856046450709025.
[I 2025-08-08 19:35:14,668] Trial 39 finished with value: 0.016838087883052712 and parameters: {'d_hidden': 256, 'd_model': 16, 'mapping_size': 80}. Best is trial 20 with value: 0.0028856046450709025.
[I 2025-08-08 20:06:06,096] Trial 40 finished with value: 0.012406381368344556 and parameters: {'d_hidden': 128, 'd_model': 32, 'mapping_size': 48}. Best is trial 20 with value: 0.0028856046450709025.
[I 2025-08-08 20:43:30,797] Trial 41 finished with value: 0.0028856046450709025 and parameters: {'d_hidden': 128, 'd_model': 128, 'mapping_size': 64}. Best is trial 20 with value: 0.0028856046450709025.
[I 2025-08-08 21:20:47,284] Trial 42 finished with value: 0.0028856046450709025 and parameters: {'d_hidden': 128, 'd_model': 128, 'mapping_size': 64}. Best is trial 20 with value: 0.0028856046450709025.
[I 2025-08-08 21:58:11,942] Trial 43 finished with value: 0.0028856046450709025 and parameters: {'d_hidden': 128, 'd_model': 128, 'mapping_size': 64}. Best is trial 20 with value: 0.0028856046450709025.
[I 2025-08-08 22:33:33,341] Trial 44 finished with value: 0.004653593897119972 and parameters: {'d_hidden': 128, 'd_model': 128, 'mapping_size': 80}. Best is trial 20 with value: 0.0028856046450709025.
[I 2025-08-08 23:12:08,057] Trial 45 finished with value: 0.006817632846097797 and parameters: {'d_hidden': 128, 'd_model': 128, 'mapping_size': 48}. Best is trial 20 with value: 0.0028856046450709025.
[I 2025-08-08 23:50:30,986] Trial 46 finished with value: 0.0035753642865137374 and parameters: {'d_hidden': 256, 'd_model': 128, 'mapping_size': 64}. Best is trial 20 with value: 0.0028856046450709025.
[I 2025-08-09 00:16:58,579] Trial 47 finished with value: 0.015448338646849902 and parameters: {'d_hidden': 128, 'd_model': 16, 'mapping_size': 80}. Best is trial 20 with value: 0.0028856046450709025.
[I 2025-08-09 00:59:19,371] Trial 48 finished with value: 0.005494840121766741 and parameters: {'d_hidden': 512, 'd_model': 64, 'mapping_size': 48}. Best is trial 20 with value: 0.0028856046450709025.
[I 2025-08-09 01:36:47,283] Trial 49 finished with value: 0.0028856046450709025 and parameters: {'d_hidden': 128, 'd_model': 128, 'mapping_size': 64}. Best is trial 20 with value: 0.0028856046450709025.
[I 2025-08-09 02:14:11,543] Trial 50 finished with value: 0.0028856046450709025 and parameters: {'d_hidden': 128, 'd_model': 128, 'mapping_size': 64}. Best is trial 20 with value: 0.0028856046450709025.
[I 2025-08-09 02:51:32,887] Trial 51 finished with value: 0.0028856046450709025 and parameters: {'d_hidden': 128, 'd_model': 128, 'mapping_size': 64}. Best is trial 20 with value: 0.0028856046450709025.
[I 2025-08-09 03:26:50,393] Trial 52 finished with value: 0.004653593897119972 and parameters: {'d_hidden': 128, 'd_model': 128, 'mapping_size': 80}. Best is trial 20 with value: 0.0028856046450709025.
[I 2025-08-09 04:04:12,608] Trial 53 finished with value: 0.0028856046450709025 and parameters: {'d_hidden': 128, 'd_model': 128, 'mapping_size': 64}. Best is trial 20 with value: 0.0028856046450709025.
[I 2025-08-09 04:52:03,683] Trial 54 finished with value: 0.002775160121059759 and parameters: {'d_hidden': 512, 'd_model': 128, 'mapping_size': 48}. Best is trial 54 with value: 0.002775160121059759.
[I 2025-08-09 05:44:36,481] Trial 55 finished with value: 0.005812461836835676 and parameters: {'d_hidden': 512, 'd_model': 128, 'mapping_size': 32}. Best is trial 54 with value: 0.002775160121059759.
[I 2025-08-09 06:29:49,096] Trial 56 finished with value: 0.005414738651446318 and parameters: {'d_hidden': 512, 'd_model': 32, 'mapping_size': 48}. Best is trial 54 with value: 0.002775160121059759.
[I 2025-08-09 07:17:35,084] Trial 57 finished with value: 0.002775160121059759 and parameters: {'d_hidden': 512, 'd_model': 128, 'mapping_size': 48}. Best is trial 54 with value: 0.002775160121059759.
[I 2025-08-09 08:03:00,345] Trial 58 finished with value: 0.008262018282135072 and parameters: {'d_hidden': 512, 'd_model': 64, 'mapping_size': 32}. Best is trial 54 with value: 0.002775160121059759.
[I 2025-08-09 08:50:49,169] Trial 59 finished with value: 0.002775160121059759 and parameters: {'d_hidden': 512, 'd_model': 128, 'mapping_size': 48}. Best is trial 54 with value: 0.002775160121059759.
[I 2025-08-09 09:39:37,532] Trial 60 finished with value: 0.010060530974215507 and parameters: {'d_hidden': 512, 'd_model': 128, 'mapping_size': 16}. Best is trial 54 with value: 0.002775160121059759.
[I 2025-08-09 10:27:21,221] Trial 61 finished with value: 0.002775160121059759 and parameters: {'d_hidden': 512, 'd_model': 128, 'mapping_size': 48}. Best is trial 54 with value: 0.002775160121059759.
[I 2025-08-09 11:15:10,794] Trial 62 finished with value: 0.002775160121059759 and parameters: {'d_hidden': 512, 'd_model': 128, 'mapping_size': 48}. Best is trial 54 with value: 0.002775160121059759.
[I 2025-08-09 12:02:56,161] Trial 63 finished with value: 0.002775160121059759 and parameters: {'d_hidden': 512, 'd_model': 128, 'mapping_size': 48}. Best is trial 54 with value: 0.002775160121059759.
[I 2025-08-09 12:50:47,230] Trial 64 finished with value: 0.002775160121059759 and parameters: {'d_hidden': 512, 'd_model': 128, 'mapping_size': 48}. Best is trial 54 with value: 0.002775160121059759.
[I 2025-08-09 13:38:35,601] Trial 65 finished with value: 0.002775160121059759 and parameters: {'d_hidden': 512, 'd_model': 128, 'mapping_size': 48}. Best is trial 54 with value: 0.002775160121059759.
[I 2025-08-09 14:31:07,627] Trial 66 finished with value: 0.005812461836835676 and parameters: {'d_hidden': 512, 'd_model': 128, 'mapping_size': 32}. Best is trial 54 with value: 0.002775160121059759.
[I 2025-08-09 15:16:19,589] Trial 67 finished with value: 0.024446787804869308 and parameters: {'d_hidden': 512, 'd_model': 16, 'mapping_size': 48}. Best is trial 54 with value: 0.002775160121059759.
[I 2025-08-09 16:08:53,768] Trial 68 finished with value: 0.005812461836835676 and parameters: {'d_hidden': 512, 'd_model': 128, 'mapping_size': 32}. Best is trial 54 with value: 0.002775160121059759.
[I 2025-08-09 16:56:45,315] Trial 69 finished with value: 0.002775160121059759 and parameters: {'d_hidden': 512, 'd_model': 128, 'mapping_size': 48}. Best is trial 54 with value: 0.002775160121059759.
[I 2025-08-09 17:45:32,588] Trial 70 finished with value: 0.010060530974215507 and parameters: {'d_hidden': 512, 'd_model': 128, 'mapping_size': 16}. Best is trial 54 with value: 0.002775160121059759.
[I 2025-08-09 18:33:23,402] Trial 71 finished with value: 0.002775160121059759 and parameters: {'d_hidden': 512, 'd_model': 128, 'mapping_size': 48}. Best is trial 54 with value: 0.002775160121059759.
[I 2025-08-09 19:21:13,706] Trial 72 finished with value: 0.002775160121059759 and parameters: {'d_hidden': 512, 'd_model': 128, 'mapping_size': 48}. Best is trial 54 with value: 0.002775160121059759.
[I 2025-08-09 20:13:41,908] Trial 73 finished with value: 0.005812461836835676 and parameters: {'d_hidden': 512, 'd_model': 128, 'mapping_size': 32}. Best is trial 54 with value: 0.002775160121059759.
[I 2025-08-09 21:01:26,714] Trial 74 finished with value: 0.002775160121059759 and parameters: {'d_hidden': 512, 'd_model': 128, 'mapping_size': 48}. Best is trial 54 with value: 0.002775160121059759.
[I 2025-08-09 21:49:16,814] Trial 75 finished with value: 0.002775160121059759 and parameters: {'d_hidden': 512, 'd_model': 128, 'mapping_size': 48}. Best is trial 54 with value: 0.002775160121059759.
[I 2025-08-09 22:41:51,319] Trial 76 finished with value: 0.005812461836835676 and parameters: {'d_hidden': 512, 'd_model': 128, 'mapping_size': 32}. Best is trial 54 with value: 0.002775160121059759.
[I 2025-08-09 23:27:04,834] Trial 77 finished with value: 0.005414738651446318 and parameters: {'d_hidden': 512, 'd_model': 32, 'mapping_size': 48}. Best is trial 54 with value: 0.002775160121059759.
[I 2025-08-10 00:12:31,685] Trial 78 finished with value: 0.008262018282135072 and parameters: {'d_hidden': 512, 'd_model': 64, 'mapping_size': 32}. Best is trial 54 with value: 0.002775160121059759.
[I 2025-08-10 01:00:22,513] Trial 79 finished with value: 0.002775160121059759 and parameters: {'d_hidden': 512, 'd_model': 128, 'mapping_size': 48}. Best is trial 54 with value: 0.002775160121059759.
[I 2025-08-10 01:48:14,906] Trial 80 finished with value: 0.002775160121059759 and parameters: {'d_hidden': 512, 'd_model': 128, 'mapping_size': 48}. Best is trial 54 with value: 0.002775160121059759.
[I 2025-08-10 02:36:05,987] Trial 81 finished with value: 0.002775160121059759 and parameters: {'d_hidden': 512, 'd_model': 128, 'mapping_size': 48}. Best is trial 54 with value: 0.002775160121059759.
[I 2025-08-10 03:23:58,151] Trial 82 finished with value: 0.002775160121059759 and parameters: {'d_hidden': 512, 'd_model': 128, 'mapping_size': 48}. Best is trial 54 with value: 0.002775160121059759.
[I 2025-08-10 04:11:49,749] Trial 83 finished with value: 0.002775160121059759 and parameters: {'d_hidden': 512, 'd_model': 128, 'mapping_size': 48}. Best is trial 54 with value: 0.002775160121059759.
[I 2025-08-10 05:05:30,866] Trial 84 finished with value: 0.005156051622117107 and parameters: {'d_hidden': 512, 'd_model': 128, 'mapping_size': 128}. Best is trial 54 with value: 0.002775160121059759.
[I 2025-08-10 05:53:23,018] Trial 85 finished with value: 0.002775160121059759 and parameters: {'d_hidden': 512, 'd_model': 128, 'mapping_size': 48}. Best is trial 54 with value: 0.002775160121059759.
[I 2025-08-10 06:35:44,965] Trial 86 finished with value: 0.013915319436485366 and parameters: {'d_hidden': 512, 'd_model': 16, 'mapping_size': 32}. Best is trial 54 with value: 0.002775160121059759.
[I 2025-08-10 07:31:03,358] Trial 87 finished with value: 0.013337757727278167 and parameters: {'d_hidden': 768, 'd_model': 128, 'mapping_size': 48}. Best is trial 54 with value: 0.002775160121059759.
[I 2025-08-10 08:18:52,369] Trial 88 finished with value: 0.002775160121059759 and parameters: {'d_hidden': 512, 'd_model': 128, 'mapping_size': 48}. Best is trial 54 with value: 0.002775160121059759.
[I 2025-08-10 09:06:43,735] Trial 89 finished with value: 0.002775160121059759 and parameters: {'d_hidden': 512, 'd_model': 128, 'mapping_size': 48}. Best is trial 54 with value: 0.002775160121059759.
[I 2025-08-10 09:44:25,802] Trial 90 finished with value: 0.003007872013380085 and parameters: {'d_hidden': 256, 'd_model': 128, 'mapping_size': 32}. Best is trial 54 with value: 0.002775160121059759.
[I 2025-08-10 10:32:14,258] Trial 91 finished with value: 0.002775160121059759 and parameters: {'d_hidden': 512, 'd_model': 128, 'mapping_size': 48}. Best is trial 54 with value: 0.002775160121059759.
[I 2025-08-10 11:20:05,131] Trial 92 finished with value: 0.002775160121059759 and parameters: {'d_hidden': 512, 'd_model': 128, 'mapping_size': 48}. Best is trial 54 with value: 0.002775160121059759.
[I 2025-08-10 12:07:55,905] Trial 93 finished with value: 0.002775160121059759 and parameters: {'d_hidden': 512, 'd_model': 128, 'mapping_size': 48}. Best is trial 54 with value: 0.002775160121059759.
[I 2025-08-10 12:55:45,223] Trial 94 finished with value: 0.002775160121059759 and parameters: {'d_hidden': 512, 'd_model': 128, 'mapping_size': 48}. Best is trial 54 with value: 0.002775160121059759.
[I 2025-08-10 13:43:32,272] Trial 95 finished with value: 0.002775160121059759 and parameters: {'d_hidden': 512, 'd_model': 128, 'mapping_size': 48}. Best is trial 54 with value: 0.002775160121059759.
[I 2025-08-10 14:31:20,986] Trial 96 finished with value: 0.002775160121059759 and parameters: {'d_hidden': 512, 'd_model': 128, 'mapping_size': 48}. Best is trial 54 with value: 0.002775160121059759.
[I 2025-08-10 15:11:03,837] Trial 97 finished with value: 0.023933472697058974 and parameters: {'d_hidden': 512, 'd_model': 32, 'mapping_size': 32}. Best is trial 54 with value: 0.002775160121059759.
[I 2025-08-10 15:53:21,192] Trial 98 finished with value: 0.005494840121766741 and parameters: {'d_hidden': 512, 'd_model': 64, 'mapping_size': 48}. Best is trial 54 with value: 0.002775160121059759.
[I 2025-08-10 16:37:43,540] Trial 99 finished with value: 0.0031563537405286594 and parameters: {'d_hidden': 512, 'd_model': 128, 'mapping_size': 64}. Best is trial 54 with value: 0.002775160121059759.
New smallest L1 error: 0.0185 at trial 0
New smallest L1 error: 0.0124 at trial 1
New smallest L1 error: 0.0055 at trial 4
New smallest L1 error: 0.0035 at trial 5
New smallest L1 error: 0.0029 at trial 20
New smallest L1 error: 0.0028 at trial 54
Best trial:
  Value: 0.002775160121059759
  Params:
    d_hidden: 512
    d_model: 128
    mapping_size: 48
